2018-03-16 22:43:05,880 [AWT-EventQueue-0] DEBUG: edu.cmu.ri.createlab.terk.application.TerkApplication: TerkApplication.TerkApplication()
2018-03-16 22:43:05,880 [AWT-EventQueue-0] INFO : edu.cmu.ri.createlab.terk.application.TerkApplication: TerkApplication.TerkApplication(): System property [terk-application.connection-strategy.class.name] is not defined.  Attempting to use default [edu.cmu.ri.createlab.terk.robot.finch.LocalFinchConnectionStrategy] implementation class instead.
2018-03-16 22:43:05,910 [AWT-EventQueue-0] DEBUG: edu.cmu.ri.createlab.terk.application.TerkApplication: TerkApplication.TerkApplication(): successfully instantiated ConnectionStrategy implementation class [edu.cmu.ri.createlab.terk.robot.finch.LocalFinchConnectionStrategy]
2018-03-16 22:43:05,916 [pool-1-thread-1] DEBUG: edu.cmu.ri.createlab.device.connectivity.BaseCreateLabDeviceConnectivityManager: BaseCreateLabDeviceConnectivityManager: scanAndConnectWorkhorseRunnable.run()
2018-03-16 22:43:05,916 [pool-1-thread-1] DEBUG: edu.cmu.ri.createlab.device.connectivity.BaseCreateLabDeviceConnectivityManager: BaseCreateLabDeviceConnectivityManager.disconnect()
2018-03-16 22:43:05,916 [pool-1-thread-1] DEBUG: edu.cmu.ri.createlab.terk.robot.finch.LocalFinchConnectionStrategy: LocalFinchConnectionStrategy.handleConnectionStateChange(): OLD [Disconnected]  NEW [Disconnected]  port []
2018-03-16 22:43:05,917 [BaseCreateLabDeviceConnectivityManager.executorService pool-1-thread-1] DEBUG: edu.cmu.ri.createlab.device.connectivity.BaseCreateLabDeviceConnectivityManager: CreateLabDeviceConnectivityManagerImpl$DeviceScanner.run()
2018-03-16 22:43:05,918 [BaseCreateLabDeviceConnectivityManager.executorService pool-1-thread-1] DEBUG: edu.cmu.ri.createlab.terk.robot.finch.LocalFinchConnectionStrategy: LocalFinchConnectionStrategy.handleConnectionStateChange(): OLD [Disconnected]  NEW [Scanning]  port []
2018-03-16 22:43:05,925 [BaseCreateLabDeviceConnectivityManager.executorService pool-1-thread-1] DEBUG: edu.cmu.ri.createlab.terk.robot.finch.DefaultFinchController: DefaultFinchController.create(): creating HID device for vendor ID [2354] and product ID [1111]
2018-03-16 22:43:05,931 [BaseCreateLabDeviceConnectivityManager.executorService pool-1-thread-1] DEBUG: edu.cmu.ri.createlab.terk.robot.finch.DefaultFinchController: DefaultFinchController.create(): attempting connection...
2018-03-16 22:43:06,130 [BaseCreateLabDeviceConnectivityManager.executorService pool-1-thread-1] ERROR: edu.cmu.ri.createlab.usb.hid.windows.WindowsHIDDevice: WindowsHIDDevice.readDeviceInfo(): Failed to read device attributes
2018-03-16 22:43:06,130 [BaseCreateLabDeviceConnectivityManager.executorService pool-1-thread-1] DEBUG: edu.cmu.ri.createlab.usb.hid.windows.WindowsHIDDevice: WindowsHIDDevice.disconnect(): disconnected successfully
2018-03-16 22:43:06,131 [BaseCreateLabDeviceConnectivityManager.executorService pool-1-thread-1] ERROR: edu.cmu.ri.createlab.usb.hid.windows.WindowsHIDDevice: WindowsHIDDevice.readDeviceInfo(): Failed to read device attributes
2018-03-16 22:43:06,131 [BaseCreateLabDeviceConnectivityManager.executorService pool-1-thread-1] DEBUG: edu.cmu.ri.createlab.usb.hid.windows.WindowsHIDDevice: WindowsHIDDevice.disconnect(): disconnected successfully
2018-03-16 22:43:06,131 [BaseCreateLabDeviceConnectivityManager.executorService pool-1-thread-1] ERROR: edu.cmu.ri.createlab.usb.hid.windows.WindowsHIDDevice: WindowsHIDDevice.readDeviceInfo(): Failed to read device attributes
2018-03-16 22:43:06,131 [BaseCreateLabDeviceConnectivityManager.executorService pool-1-thread-1] DEBUG: edu.cmu.ri.createlab.usb.hid.windows.WindowsHIDDevice: WindowsHIDDevice.disconnect(): disconnected successfully
2018-03-16 22:43:06,132 [BaseCreateLabDeviceConnectivityManager.executorService pool-1-thread-1] ERROR: edu.cmu.ri.createlab.usb.hid.windows.WindowsHIDDevice: WindowsHIDDevice.readDeviceInfo(): Failed to read device attributes
2018-03-16 22:43:06,132 [BaseCreateLabDeviceConnectivityManager.executorService pool-1-thread-1] DEBUG: edu.cmu.ri.createlab.usb.hid.windows.WindowsHIDDevice: WindowsHIDDevice.disconnect(): disconnected successfully
2018-03-16 22:43:06,132 [BaseCreateLabDeviceConnectivityManager.executorService pool-1-thread-1] ERROR: edu.cmu.ri.createlab.usb.hid.windows.WindowsHIDDevice: WindowsHIDDevice.readDeviceInfo(): CreateFile failed (WinError{id=5, name='Access Denied: access is denied'}), skipping this device
2018-03-16 22:43:06,133 [BaseCreateLabDeviceConnectivityManager.executorService pool-1-thread-1] ERROR: edu.cmu.ri.createlab.usb.hid.windows.WindowsHIDDevice: WindowsHIDDevice.disconnect(): Failed to disconnect.  Return was [false] and last error was [WinError{id=6, name='Invalid Handle: the handle is invalid'}]
2018-03-16 22:43:06,133 [BaseCreateLabDeviceConnectivityManager.executorService pool-1-thread-1] ERROR: edu.cmu.ri.createlab.usb.hid.windows.WindowsHIDDevice: WindowsHIDDevice.readDeviceInfo(): CreateFile failed (WinError{id=5, name='Access Denied: access is denied'}), skipping this device
2018-03-16 22:43:06,133 [BaseCreateLabDeviceConnectivityManager.executorService pool-1-thread-1] ERROR: edu.cmu.ri.createlab.usb.hid.windows.WindowsHIDDevice: WindowsHIDDevice.disconnect(): Failed to disconnect.  Return was [false] and last error was [WinError{id=6, name='Invalid Handle: the handle is invalid'}]
2018-03-16 22:43:06,134 [BaseCreateLabDeviceConnectivityManager.executorService pool-1-thread-1] ERROR: edu.cmu.ri.createlab.usb.hid.windows.WindowsHIDDevice: WindowsHIDDevice.readDeviceInfo(): Failed to read device attributes
2018-03-16 22:43:06,134 [BaseCreateLabDeviceConnectivityManager.executorService pool-1-thread-1] DEBUG: edu.cmu.ri.createlab.usb.hid.windows.WindowsHIDDevice: WindowsHIDDevice.disconnect(): disconnected successfully
2018-03-16 22:43:06,134 [BaseCreateLabDeviceConnectivityManager.executorService pool-1-thread-1] ERROR: edu.cmu.ri.createlab.usb.hid.windows.WindowsHIDDevice: WindowsHIDDevice.readDeviceInfo(): Failed to read device attributes
2018-03-16 22:43:06,134 [BaseCreateLabDeviceConnectivityManager.executorService pool-1-thread-1] DEBUG: edu.cmu.ri.createlab.usb.hid.windows.WindowsHIDDevice: WindowsHIDDevice.disconnect(): disconnected successfully
2018-03-16 22:43:06,135 [BaseCreateLabDeviceConnectivityManager.executorService pool-1-thread-1] DEBUG: edu.cmu.ri.createlab.usb.hid.windows.WindowsHIDDevice: WindowsHIDDevice.disconnect(): disconnected successfully
2018-03-16 22:43:06,135 [BaseCreateLabDeviceConnectivityManager.executorService pool-1-thread-1] DEBUG: edu.cmu.ri.createlab.usb.hid.windows.WindowsHIDDevice: WindowsHIDDevice.connect(): connection successful
2018-03-16 22:43:06,154 [BaseCreateLabDeviceConnectivityManager.executorService pool-1-thread-1] DEBUG: edu.cmu.ri.createlab.device.connectivity.BaseCreateLabDeviceConnectivityManager: CreateLabDeviceConnectivityManagerImpl$DeviceScanner.run(): connection established!
2018-03-16 22:43:06,155 [BaseCreateLabDeviceConnectivityManager.executorService pool-1-thread-1] DEBUG: edu.cmu.ri.createlab.terk.robot.finch.LocalFinchConnectionStrategy: LocalFinchConnectionStrategy.handleConnectionStateChange(): OLD [Scanning]  NEW [Connected]  port [\\?\hid#vid_2354&pid_1111#6&535117c&1&0000#{4d1e55b2-f16f-11cf-88cb-001111000030}]
2018-03-16 22:43:06,162 [AWT-EventQueue-0] DEBUG: edu.cmu.ri.createlab.terk.robot.finch.services.FinchServiceManager: FinchServiceManager.loadService() needs to load the [::TeRK::buzzer::BuzzerService] service
2018-03-16 22:43:06,162 [AWT-EventQueue-0] DEBUG: edu.cmu.ri.createlab.terk.robot.finch.services.FinchServiceFactory: FinchServiceFactory.createService(::TeRK::buzzer::BuzzerService)
2018-03-16 22:43:06,168 [AWT-EventQueue-0] DEBUG: edu.cmu.ri.createlab.terk.properties.BasicPropertyManager: ServantPropertyManager.setReadOnlyProperty(device.count,1)
2018-03-16 22:43:06,168 [AWT-EventQueue-0] DEBUG: edu.cmu.ri.createlab.terk.properties.BasicPropertyManager: ServantPropertyManager.setReadOnlyProperty(::TeRK::buzzer::BuzzerService::min-duration,0)
2018-03-16 22:43:06,168 [AWT-EventQueue-0] DEBUG: edu.cmu.ri.createlab.terk.properties.BasicPropertyManager: ServantPropertyManager.setReadOnlyProperty(::TeRK::buzzer::BuzzerService::max-duration,65535)
2018-03-16 22:43:06,168 [AWT-EventQueue-0] DEBUG: edu.cmu.ri.createlab.terk.properties.BasicPropertyManager: ServantPropertyManager.setReadOnlyProperty(::TeRK::buzzer::BuzzerService::min-frequency,0)
2018-03-16 22:43:06,168 [AWT-EventQueue-0] DEBUG: edu.cmu.ri.createlab.terk.properties.BasicPropertyManager: ServantPropertyManager.setReadOnlyProperty(::TeRK::buzzer::BuzzerService::max-frequency,65535)
2018-03-16 22:43:09,470 [AWT-EventQueue-0] DEBUG: edu.cmu.ri.createlab.terk.robot.finch.services.FinchServiceManager: FinchServiceManager.loadService() needs to load the [::TeRK::led::FullColorLEDService] service
2018-03-16 22:43:09,470 [AWT-EventQueue-0] DEBUG: edu.cmu.ri.createlab.terk.robot.finch.services.FinchServiceFactory: FinchServiceFactory.createService(::TeRK::led::FullColorLEDService)
2018-03-16 22:43:09,472 [AWT-EventQueue-0] DEBUG: edu.cmu.ri.createlab.terk.properties.BasicPropertyManager: ServantPropertyManager.setReadOnlyProperty(device.count,1)
2018-03-16 22:43:09,472 [AWT-EventQueue-0] DEBUG: edu.cmu.ri.createlab.terk.properties.BasicPropertyManager: ServantPropertyManager.setReadOnlyProperty(::TeRK::led::FullColorLEDService::min-intensity,0)
2018-03-16 22:43:09,472 [AWT-EventQueue-0] DEBUG: edu.cmu.ri.createlab.terk.properties.BasicPropertyManager: ServantPropertyManager.setReadOnlyProperty(::TeRK::led::FullColorLEDService::max-intensity,255)
2018-03-16 22:43:09,582 [AWT-EventQueue-0] DEBUG: edu.cmu.ri.createlab.terk.robot.finch.services.FinchServiceManager: FinchServiceManager.loadService() needs to load the [::TeRK::motor::OpenLoopVelocityControllableMotorService] service
2018-03-16 22:43:09,582 [AWT-EventQueue-0] DEBUG: edu.cmu.ri.createlab.terk.robot.finch.services.FinchServiceFactory: FinchServiceFactory.createService(::TeRK::motor::OpenLoopVelocityControllableMotorService)
2018-03-16 22:43:09,659 [AWT-EventQueue-0] DEBUG: edu.cmu.ri.createlab.terk.properties.BasicPropertyManager: ServantPropertyManager.setReadOnlyProperty(device.count,2)
2018-03-16 22:43:09,659 [AWT-EventQueue-0] DEBUG: edu.cmu.ri.createlab.terk.properties.BasicPropertyManager: ServantPropertyManager.setReadOnlyProperty(::TeRK::motor::OpenLoopVelocityControllableMotorService::min-velocity,-255)
2018-03-16 22:43:09,659 [AWT-EventQueue-0] DEBUG: edu.cmu.ri.createlab.terk.properties.BasicPropertyManager: ServantPropertyManager.setReadOnlyProperty(::TeRK::motor::OpenLoopVelocityControllableMotorService::max-velocity,255)
2018-03-16 22:45:01,686 [AWT-EventQueue-0] DEBUG: edu.cmu.ri.createlab.terk.application.TerkApplication: TerkApplication.TerkApplication()
2018-03-16 22:45:01,686 [AWT-EventQueue-0] INFO : edu.cmu.ri.createlab.terk.application.TerkApplication: TerkApplication.TerkApplication(): System property [terk-application.connection-strategy.class.name] is not defined.  Attempting to use default [edu.cmu.ri.createlab.terk.robot.finch.LocalFinchConnectionStrategy] implementation class instead.
2018-03-16 22:45:01,694 [AWT-EventQueue-0] DEBUG: edu.cmu.ri.createlab.terk.application.TerkApplication: TerkApplication.TerkApplication(): successfully instantiated ConnectionStrategy implementation class [edu.cmu.ri.createlab.terk.robot.finch.LocalFinchConnectionStrategy]
2018-03-16 22:45:01,698 [pool-1-thread-1] DEBUG: edu.cmu.ri.createlab.device.connectivity.BaseCreateLabDeviceConnectivityManager: BaseCreateLabDeviceConnectivityManager: scanAndConnectWorkhorseRunnable.run()
2018-03-16 22:45:01,699 [pool-1-thread-1] DEBUG: edu.cmu.ri.createlab.device.connectivity.BaseCreateLabDeviceConnectivityManager: BaseCreateLabDeviceConnectivityManager.disconnect()
2018-03-16 22:45:01,699 [pool-1-thread-1] DEBUG: edu.cmu.ri.createlab.terk.robot.finch.LocalFinchConnectionStrategy: LocalFinchConnectionStrategy.handleConnectionStateChange(): OLD [Disconnected]  NEW [Disconnected]  port []
2018-03-16 22:45:01,700 [BaseCreateLabDeviceConnectivityManager.executorService pool-1-thread-1] DEBUG: edu.cmu.ri.createlab.device.connectivity.BaseCreateLabDeviceConnectivityManager: CreateLabDeviceConnectivityManagerImpl$DeviceScanner.run()
2018-03-16 22:45:01,700 [BaseCreateLabDeviceConnectivityManager.executorService pool-1-thread-1] DEBUG: edu.cmu.ri.createlab.terk.robot.finch.LocalFinchConnectionStrategy: LocalFinchConnectionStrategy.handleConnectionStateChange(): OLD [Disconnected]  NEW [Scanning]  port []
2018-03-16 22:45:01,706 [BaseCreateLabDeviceConnectivityManager.executorService pool-1-thread-1] DEBUG: edu.cmu.ri.createlab.terk.robot.finch.DefaultFinchController: DefaultFinchController.create(): creating HID device for vendor ID [2354] and product ID [1111]
2018-03-16 22:45:01,711 [BaseCreateLabDeviceConnectivityManager.executorService pool-1-thread-1] DEBUG: edu.cmu.ri.createlab.terk.robot.finch.DefaultFinchController: DefaultFinchController.create(): attempting connection...
2018-03-16 22:45:01,864 [BaseCreateLabDeviceConnectivityManager.executorService pool-1-thread-1] ERROR: edu.cmu.ri.createlab.usb.hid.windows.WindowsHIDDevice: WindowsHIDDevice.readDeviceInfo(): Failed to read device attributes
2018-03-16 22:45:01,864 [BaseCreateLabDeviceConnectivityManager.executorService pool-1-thread-1] DEBUG: edu.cmu.ri.createlab.usb.hid.windows.WindowsHIDDevice: WindowsHIDDevice.disconnect(): disconnected successfully
2018-03-16 22:45:01,864 [BaseCreateLabDeviceConnectivityManager.executorService pool-1-thread-1] ERROR: edu.cmu.ri.createlab.usb.hid.windows.WindowsHIDDevice: WindowsHIDDevice.readDeviceInfo(): Failed to read device attributes
2018-03-16 22:45:01,864 [BaseCreateLabDeviceConnectivityManager.executorService pool-1-thread-1] DEBUG: edu.cmu.ri.createlab.usb.hid.windows.WindowsHIDDevice: WindowsHIDDevice.disconnect(): disconnected successfully
2018-03-16 22:45:01,865 [BaseCreateLabDeviceConnectivityManager.executorService pool-1-thread-1] ERROR: edu.cmu.ri.createlab.usb.hid.windows.WindowsHIDDevice: WindowsHIDDevice.readDeviceInfo(): Failed to read device attributes
2018-03-16 22:45:01,865 [BaseCreateLabDeviceConnectivityManager.executorService pool-1-thread-1] DEBUG: edu.cmu.ri.createlab.usb.hid.windows.WindowsHIDDevice: WindowsHIDDevice.disconnect(): disconnected successfully
2018-03-16 22:45:01,866 [BaseCreateLabDeviceConnectivityManager.executorService pool-1-thread-1] ERROR: edu.cmu.ri.createlab.usb.hid.windows.WindowsHIDDevice: WindowsHIDDevice.readDeviceInfo(): Failed to read device attributes
2018-03-16 22:45:01,866 [BaseCreateLabDeviceConnectivityManager.executorService pool-1-thread-1] DEBUG: edu.cmu.ri.createlab.usb.hid.windows.WindowsHIDDevice: WindowsHIDDevice.disconnect(): disconnected successfully
2018-03-16 22:45:01,866 [BaseCreateLabDeviceConnectivityManager.executorService pool-1-thread-1] ERROR: edu.cmu.ri.createlab.usb.hid.windows.WindowsHIDDevice: WindowsHIDDevice.readDeviceInfo(): CreateFile failed (WinError{id=5, name='Access Denied: access is denied'}), skipping this device
2018-03-16 22:45:01,866 [BaseCreateLabDeviceConnectivityManager.executorService pool-1-thread-1] ERROR: edu.cmu.ri.createlab.usb.hid.windows.WindowsHIDDevice: WindowsHIDDevice.disconnect(): Failed to disconnect.  Return was [false] and last error was [WinError{id=6, name='Invalid Handle: the handle is invalid'}]
2018-03-16 22:45:01,867 [BaseCreateLabDeviceConnectivityManager.executorService pool-1-thread-1] ERROR: edu.cmu.ri.createlab.usb.hid.windows.WindowsHIDDevice: WindowsHIDDevice.readDeviceInfo(): CreateFile failed (WinError{id=5, name='Access Denied: access is denied'}), skipping this device
2018-03-16 22:45:01,867 [BaseCreateLabDeviceConnectivityManager.executorService pool-1-thread-1] ERROR: edu.cmu.ri.createlab.usb.hid.windows.WindowsHIDDevice: WindowsHIDDevice.disconnect(): Failed to disconnect.  Return was [false] and last error was [WinError{id=6, name='Invalid Handle: the handle is invalid'}]
2018-03-16 22:45:01,868 [BaseCreateLabDeviceConnectivityManager.executorService pool-1-thread-1] ERROR: edu.cmu.ri.createlab.usb.hid.windows.WindowsHIDDevice: WindowsHIDDevice.readDeviceInfo(): Failed to read device attributes
2018-03-16 22:45:01,868 [BaseCreateLabDeviceConnectivityManager.executorService pool-1-thread-1] DEBUG: edu.cmu.ri.createlab.usb.hid.windows.WindowsHIDDevice: WindowsHIDDevice.disconnect(): disconnected successfully
2018-03-16 22:45:01,869 [BaseCreateLabDeviceConnectivityManager.executorService pool-1-thread-1] ERROR: edu.cmu.ri.createlab.usb.hid.windows.WindowsHIDDevice: WindowsHIDDevice.readDeviceInfo(): Failed to read device attributes
2018-03-16 22:45:01,869 [BaseCreateLabDeviceConnectivityManager.executorService pool-1-thread-1] DEBUG: edu.cmu.ri.createlab.usb.hid.windows.WindowsHIDDevice: WindowsHIDDevice.disconnect(): disconnected successfully
2018-03-16 22:45:01,930 [BaseCreateLabDeviceConnectivityManager.executorService pool-1-thread-1] DEBUG: edu.cmu.ri.createlab.usb.hid.windows.WindowsHIDDevice: WindowsHIDDevice.disconnect(): disconnected successfully
2018-03-16 22:45:01,931 [BaseCreateLabDeviceConnectivityManager.executorService pool-1-thread-1] DEBUG: edu.cmu.ri.createlab.usb.hid.windows.WindowsHIDDevice: WindowsHIDDevice.connect(): connection successful
2018-03-16 22:45:01,946 [BaseCreateLabDeviceConnectivityManager.executorService pool-1-thread-1] DEBUG: edu.cmu.ri.createlab.device.connectivity.BaseCreateLabDeviceConnectivityManager: CreateLabDeviceConnectivityManagerImpl$DeviceScanner.run(): connection established!
2018-03-16 22:45:01,947 [BaseCreateLabDeviceConnectivityManager.executorService pool-1-thread-1] DEBUG: edu.cmu.ri.createlab.terk.robot.finch.LocalFinchConnectionStrategy: LocalFinchConnectionStrategy.handleConnectionStateChange(): OLD [Scanning]  NEW [Connected]  port [\\?\hid#vid_2354&pid_1111#6&535117c&1&0000#{4d1e55b2-f16f-11cf-88cb-001111000030}]
2018-03-16 22:45:01,952 [AWT-EventQueue-0] DEBUG: edu.cmu.ri.createlab.terk.robot.finch.services.FinchServiceManager: FinchServiceManager.loadService() needs to load the [::TeRK::buzzer::BuzzerService] service
2018-03-16 22:45:01,952 [AWT-EventQueue-0] DEBUG: edu.cmu.ri.createlab.terk.robot.finch.services.FinchServiceFactory: FinchServiceFactory.createService(::TeRK::buzzer::BuzzerService)
2018-03-16 22:45:01,957 [AWT-EventQueue-0] DEBUG: edu.cmu.ri.createlab.terk.properties.BasicPropertyManager: ServantPropertyManager.setReadOnlyProperty(device.count,1)
2018-03-16 22:45:01,957 [AWT-EventQueue-0] DEBUG: edu.cmu.ri.createlab.terk.properties.BasicPropertyManager: ServantPropertyManager.setReadOnlyProperty(::TeRK::buzzer::BuzzerService::min-duration,0)
2018-03-16 22:45:01,957 [AWT-EventQueue-0] DEBUG: edu.cmu.ri.createlab.terk.properties.BasicPropertyManager: ServantPropertyManager.setReadOnlyProperty(::TeRK::buzzer::BuzzerService::max-duration,65535)
2018-03-16 22:45:01,957 [AWT-EventQueue-0] DEBUG: edu.cmu.ri.createlab.terk.properties.BasicPropertyManager: ServantPropertyManager.setReadOnlyProperty(::TeRK::buzzer::BuzzerService::min-frequency,0)
2018-03-16 22:45:01,957 [AWT-EventQueue-0] DEBUG: edu.cmu.ri.createlab.terk.properties.BasicPropertyManager: ServantPropertyManager.setReadOnlyProperty(::TeRK::buzzer::BuzzerService::max-frequency,65535)
2018-03-16 22:45:05,253 [AWT-EventQueue-0] DEBUG: edu.cmu.ri.createlab.terk.robot.finch.services.FinchServiceManager: FinchServiceManager.loadService() needs to load the [::TeRK::led::FullColorLEDService] service
2018-03-16 22:45:05,253 [AWT-EventQueue-0] DEBUG: edu.cmu.ri.createlab.terk.robot.finch.services.FinchServiceFactory: FinchServiceFactory.createService(::TeRK::led::FullColorLEDService)
2018-03-16 22:45:05,255 [AWT-EventQueue-0] DEBUG: edu.cmu.ri.createlab.terk.properties.BasicPropertyManager: ServantPropertyManager.setReadOnlyProperty(device.count,1)
2018-03-16 22:45:05,255 [AWT-EventQueue-0] DEBUG: edu.cmu.ri.createlab.terk.properties.BasicPropertyManager: ServantPropertyManager.setReadOnlyProperty(::TeRK::led::FullColorLEDService::min-intensity,0)
2018-03-16 22:45:05,255 [AWT-EventQueue-0] DEBUG: edu.cmu.ri.createlab.terk.properties.BasicPropertyManager: ServantPropertyManager.setReadOnlyProperty(::TeRK::led::FullColorLEDService::max-intensity,255)
2018-03-16 22:45:05,365 [AWT-EventQueue-0] DEBUG: edu.cmu.ri.createlab.terk.robot.finch.services.FinchServiceManager: FinchServiceManager.loadService() needs to load the [::TeRK::motor::OpenLoopVelocityControllableMotorService] service
2018-03-16 22:45:05,365 [AWT-EventQueue-0] DEBUG: edu.cmu.ri.createlab.terk.robot.finch.services.FinchServiceFactory: FinchServiceFactory.createService(::TeRK::motor::OpenLoopVelocityControllableMotorService)
2018-03-16 22:45:05,366 [AWT-EventQueue-0] DEBUG: edu.cmu.ri.createlab.terk.properties.BasicPropertyManager: ServantPropertyManager.setReadOnlyProperty(device.count,2)
2018-03-16 22:45:05,366 [AWT-EventQueue-0] DEBUG: edu.cmu.ri.createlab.terk.properties.BasicPropertyManager: ServantPropertyManager.setReadOnlyProperty(::TeRK::motor::OpenLoopVelocityControllableMotorService::min-velocity,-255)
2018-03-16 22:45:05,366 [AWT-EventQueue-0] DEBUG: edu.cmu.ri.createlab.terk.properties.BasicPropertyManager: ServantPropertyManager.setReadOnlyProperty(::TeRK::motor::OpenLoopVelocityControllableMotorService::max-velocity,255)
2018-03-16 22:46:13,308 [AWT-EventQueue-0] DEBUG: edu.cmu.ri.createlab.terk.application.TerkApplication: TerkApplication.TerkApplication()
2018-03-16 22:46:13,308 [AWT-EventQueue-0] INFO : edu.cmu.ri.createlab.terk.application.TerkApplication: TerkApplication.TerkApplication(): System property [terk-application.connection-strategy.class.name] is not defined.  Attempting to use default [edu.cmu.ri.createlab.terk.robot.finch.LocalFinchConnectionStrategy] implementation class instead.
2018-03-16 22:46:13,318 [AWT-EventQueue-0] DEBUG: edu.cmu.ri.createlab.terk.application.TerkApplication: TerkApplication.TerkApplication(): successfully instantiated ConnectionStrategy implementation class [edu.cmu.ri.createlab.terk.robot.finch.LocalFinchConnectionStrategy]
2018-03-16 22:46:13,322 [pool-1-thread-1] DEBUG: edu.cmu.ri.createlab.device.connectivity.BaseCreateLabDeviceConnectivityManager: BaseCreateLabDeviceConnectivityManager: scanAndConnectWorkhorseRunnable.run()
2018-03-16 22:46:13,322 [pool-1-thread-1] DEBUG: edu.cmu.ri.createlab.device.connectivity.BaseCreateLabDeviceConnectivityManager: BaseCreateLabDeviceConnectivityManager.disconnect()
2018-03-16 22:46:13,322 [pool-1-thread-1] DEBUG: edu.cmu.ri.createlab.terk.robot.finch.LocalFinchConnectionStrategy: LocalFinchConnectionStrategy.handleConnectionStateChange(): OLD [Disconnected]  NEW [Disconnected]  port []
2018-03-16 22:46:13,323 [BaseCreateLabDeviceConnectivityManager.executorService pool-1-thread-1] DEBUG: edu.cmu.ri.createlab.device.connectivity.BaseCreateLabDeviceConnectivityManager: CreateLabDeviceConnectivityManagerImpl$DeviceScanner.run()
2018-03-16 22:46:13,323 [BaseCreateLabDeviceConnectivityManager.executorService pool-1-thread-1] DEBUG: edu.cmu.ri.createlab.terk.robot.finch.LocalFinchConnectionStrategy: LocalFinchConnectionStrategy.handleConnectionStateChange(): OLD [Disconnected]  NEW [Scanning]  port []
2018-03-16 22:46:13,328 [BaseCreateLabDeviceConnectivityManager.executorService pool-1-thread-1] DEBUG: edu.cmu.ri.createlab.terk.robot.finch.DefaultFinchController: DefaultFinchController.create(): creating HID device for vendor ID [2354] and product ID [1111]
2018-03-16 22:46:13,333 [BaseCreateLabDeviceConnectivityManager.executorService pool-1-thread-1] DEBUG: edu.cmu.ri.createlab.terk.robot.finch.DefaultFinchController: DefaultFinchController.create(): attempting connection...
2018-03-16 22:46:13,465 [BaseCreateLabDeviceConnectivityManager.executorService pool-1-thread-1] ERROR: edu.cmu.ri.createlab.usb.hid.windows.WindowsHIDDevice: WindowsHIDDevice.readDeviceInfo(): Failed to read device attributes
2018-03-16 22:46:13,465 [BaseCreateLabDeviceConnectivityManager.executorService pool-1-thread-1] DEBUG: edu.cmu.ri.createlab.usb.hid.windows.WindowsHIDDevice: WindowsHIDDevice.disconnect(): disconnected successfully
2018-03-16 22:46:13,465 [BaseCreateLabDeviceConnectivityManager.executorService pool-1-thread-1] ERROR: edu.cmu.ri.createlab.usb.hid.windows.WindowsHIDDevice: WindowsHIDDevice.readDeviceInfo(): Failed to read device attributes
2018-03-16 22:46:13,465 [BaseCreateLabDeviceConnectivityManager.executorService pool-1-thread-1] DEBUG: edu.cmu.ri.createlab.usb.hid.windows.WindowsHIDDevice: WindowsHIDDevice.disconnect(): disconnected successfully
2018-03-16 22:46:13,466 [BaseCreateLabDeviceConnectivityManager.executorService pool-1-thread-1] ERROR: edu.cmu.ri.createlab.usb.hid.windows.WindowsHIDDevice: WindowsHIDDevice.readDeviceInfo(): Failed to read device attributes
2018-03-16 22:46:13,466 [BaseCreateLabDeviceConnectivityManager.executorService pool-1-thread-1] DEBUG: edu.cmu.ri.createlab.usb.hid.windows.WindowsHIDDevice: WindowsHIDDevice.disconnect(): disconnected successfully
2018-03-16 22:46:13,466 [BaseCreateLabDeviceConnectivityManager.executorService pool-1-thread-1] ERROR: edu.cmu.ri.createlab.usb.hid.windows.WindowsHIDDevice: WindowsHIDDevice.readDeviceInfo(): Failed to read device attributes
2018-03-16 22:46:13,467 [BaseCreateLabDeviceConnectivityManager.executorService pool-1-thread-1] DEBUG: edu.cmu.ri.createlab.usb.hid.windows.WindowsHIDDevice: WindowsHIDDevice.disconnect(): disconnected successfully
2018-03-16 22:46:13,467 [BaseCreateLabDeviceConnectivityManager.executorService pool-1-thread-1] ERROR: edu.cmu.ri.createlab.usb.hid.windows.WindowsHIDDevice: WindowsHIDDevice.readDeviceInfo(): CreateFile failed (WinError{id=5, name='Access Denied: access is denied'}), skipping this device
2018-03-16 22:46:13,467 [BaseCreateLabDeviceConnectivityManager.executorService pool-1-thread-1] ERROR: edu.cmu.ri.createlab.usb.hid.windows.WindowsHIDDevice: WindowsHIDDevice.disconnect(): Failed to disconnect.  Return was [false] and last error was [WinError{id=6, name='Invalid Handle: the handle is invalid'}]
2018-03-16 22:46:13,467 [BaseCreateLabDeviceConnectivityManager.executorService pool-1-thread-1] ERROR: edu.cmu.ri.createlab.usb.hid.windows.WindowsHIDDevice: WindowsHIDDevice.readDeviceInfo(): CreateFile failed (WinError{id=5, name='Access Denied: access is denied'}), skipping this device
2018-03-16 22:46:13,467 [BaseCreateLabDeviceConnectivityManager.executorService pool-1-thread-1] ERROR: edu.cmu.ri.createlab.usb.hid.windows.WindowsHIDDevice: WindowsHIDDevice.disconnect(): Failed to disconnect.  Return was [false] and last error was [WinError{id=6, name='Invalid Handle: the handle is invalid'}]
2018-03-16 22:46:13,468 [BaseCreateLabDeviceConnectivityManager.executorService pool-1-thread-1] ERROR: edu.cmu.ri.createlab.usb.hid.windows.WindowsHIDDevice: WindowsHIDDevice.readDeviceInfo(): Failed to read device attributes
2018-03-16 22:46:13,468 [BaseCreateLabDeviceConnectivityManager.executorService pool-1-thread-1] DEBUG: edu.cmu.ri.createlab.usb.hid.windows.WindowsHIDDevice: WindowsHIDDevice.disconnect(): disconnected successfully
2018-03-16 22:46:13,468 [BaseCreateLabDeviceConnectivityManager.executorService pool-1-thread-1] ERROR: edu.cmu.ri.createlab.usb.hid.windows.WindowsHIDDevice: WindowsHIDDevice.readDeviceInfo(): Failed to read device attributes
2018-03-16 22:46:13,468 [BaseCreateLabDeviceConnectivityManager.executorService pool-1-thread-1] DEBUG: edu.cmu.ri.createlab.usb.hid.windows.WindowsHIDDevice: WindowsHIDDevice.disconnect(): disconnected successfully
2018-03-16 22:46:13,531 [BaseCreateLabDeviceConnectivityManager.executorService pool-1-thread-1] DEBUG: edu.cmu.ri.createlab.usb.hid.windows.WindowsHIDDevice: WindowsHIDDevice.disconnect(): disconnected successfully
2018-03-16 22:46:13,532 [BaseCreateLabDeviceConnectivityManager.executorService pool-1-thread-1] DEBUG: edu.cmu.ri.createlab.usb.hid.windows.WindowsHIDDevice: WindowsHIDDevice.connect(): connection successful
2018-03-16 22:46:13,546 [BaseCreateLabDeviceConnectivityManager.executorService pool-1-thread-1] DEBUG: edu.cmu.ri.createlab.device.connectivity.BaseCreateLabDeviceConnectivityManager: CreateLabDeviceConnectivityManagerImpl$DeviceScanner.run(): connection established!
2018-03-16 22:46:13,546 [BaseCreateLabDeviceConnectivityManager.executorService pool-1-thread-1] DEBUG: edu.cmu.ri.createlab.terk.robot.finch.LocalFinchConnectionStrategy: LocalFinchConnectionStrategy.handleConnectionStateChange(): OLD [Scanning]  NEW [Connected]  port [\\?\hid#vid_2354&pid_1111#6&535117c&1&0000#{4d1e55b2-f16f-11cf-88cb-001111000030}]
2018-03-16 22:46:13,551 [AWT-EventQueue-0] DEBUG: edu.cmu.ri.createlab.terk.robot.finch.services.FinchServiceManager: FinchServiceManager.loadService() needs to load the [::TeRK::buzzer::BuzzerService] service
2018-03-16 22:46:13,551 [AWT-EventQueue-0] DEBUG: edu.cmu.ri.createlab.terk.robot.finch.services.FinchServiceFactory: FinchServiceFactory.createService(::TeRK::buzzer::BuzzerService)
2018-03-16 22:46:13,556 [AWT-EventQueue-0] DEBUG: edu.cmu.ri.createlab.terk.properties.BasicPropertyManager: ServantPropertyManager.setReadOnlyProperty(device.count,1)
2018-03-16 22:46:13,556 [AWT-EventQueue-0] DEBUG: edu.cmu.ri.createlab.terk.properties.BasicPropertyManager: ServantPropertyManager.setReadOnlyProperty(::TeRK::buzzer::BuzzerService::min-duration,0)
2018-03-16 22:46:13,556 [AWT-EventQueue-0] DEBUG: edu.cmu.ri.createlab.terk.properties.BasicPropertyManager: ServantPropertyManager.setReadOnlyProperty(::TeRK::buzzer::BuzzerService::max-duration,65535)
2018-03-16 22:46:13,556 [AWT-EventQueue-0] DEBUG: edu.cmu.ri.createlab.terk.properties.BasicPropertyManager: ServantPropertyManager.setReadOnlyProperty(::TeRK::buzzer::BuzzerService::min-frequency,0)
2018-03-16 22:46:13,556 [AWT-EventQueue-0] DEBUG: edu.cmu.ri.createlab.terk.properties.BasicPropertyManager: ServantPropertyManager.setReadOnlyProperty(::TeRK::buzzer::BuzzerService::max-frequency,65535)
2018-03-16 22:46:16,853 [AWT-EventQueue-0] DEBUG: edu.cmu.ri.createlab.terk.robot.finch.services.FinchServiceManager: FinchServiceManager.loadService() needs to load the [::TeRK::led::FullColorLEDService] service
2018-03-16 22:46:16,853 [AWT-EventQueue-0] DEBUG: edu.cmu.ri.createlab.terk.robot.finch.services.FinchServiceFactory: FinchServiceFactory.createService(::TeRK::led::FullColorLEDService)
2018-03-16 22:46:16,855 [AWT-EventQueue-0] DEBUG: edu.cmu.ri.createlab.terk.properties.BasicPropertyManager: ServantPropertyManager.setReadOnlyProperty(device.count,1)
2018-03-16 22:46:16,855 [AWT-EventQueue-0] DEBUG: edu.cmu.ri.createlab.terk.properties.BasicPropertyManager: ServantPropertyManager.setReadOnlyProperty(::TeRK::led::FullColorLEDService::min-intensity,0)
2018-03-16 22:46:16,855 [AWT-EventQueue-0] DEBUG: edu.cmu.ri.createlab.terk.properties.BasicPropertyManager: ServantPropertyManager.setReadOnlyProperty(::TeRK::led::FullColorLEDService::max-intensity,255)
2018-03-16 22:46:16,966 [AWT-EventQueue-0] DEBUG: edu.cmu.ri.createlab.terk.robot.finch.services.FinchServiceManager: FinchServiceManager.loadService() needs to load the [::TeRK::motor::OpenLoopVelocityControllableMotorService] service
2018-03-16 22:46:16,966 [AWT-EventQueue-0] DEBUG: edu.cmu.ri.createlab.terk.robot.finch.services.FinchServiceFactory: FinchServiceFactory.createService(::TeRK::motor::OpenLoopVelocityControllableMotorService)
2018-03-16 22:46:16,967 [AWT-EventQueue-0] DEBUG: edu.cmu.ri.createlab.terk.properties.BasicPropertyManager: ServantPropertyManager.setReadOnlyProperty(device.count,2)
2018-03-16 22:46:16,967 [AWT-EventQueue-0] DEBUG: edu.cmu.ri.createlab.terk.properties.BasicPropertyManager: ServantPropertyManager.setReadOnlyProperty(::TeRK::motor::OpenLoopVelocityControllableMotorService::min-velocity,-255)
2018-03-16 22:46:16,967 [AWT-EventQueue-0] DEBUG: edu.cmu.ri.createlab.terk.properties.BasicPropertyManager: ServantPropertyManager.setReadOnlyProperty(::TeRK::motor::OpenLoopVelocityControllableMotorService::max-velocity,255)
2018-03-23 14:54:26,827 [AWT-EventQueue-0] DEBUG: edu.cmu.ri.createlab.terk.application.TerkApplication: TerkApplication.TerkApplication()
2018-03-23 14:54:26,841 [AWT-EventQueue-0] INFO : edu.cmu.ri.createlab.terk.application.TerkApplication: TerkApplication.TerkApplication(): System property [terk-application.connection-strategy.class.name] is not defined.  Attempting to use default [edu.cmu.ri.createlab.terk.robot.finch.LocalFinchConnectionStrategy] implementation class instead.
2018-03-23 14:54:26,876 [AWT-EventQueue-0] DEBUG: edu.cmu.ri.createlab.terk.application.TerkApplication: TerkApplication.TerkApplication(): successfully instantiated ConnectionStrategy implementation class [edu.cmu.ri.createlab.terk.robot.finch.LocalFinchConnectionStrategy]
2018-03-23 14:54:26,898 [pool-1-thread-1] DEBUG: edu.cmu.ri.createlab.device.connectivity.BaseCreateLabDeviceConnectivityManager: BaseCreateLabDeviceConnectivityManager: scanAndConnectWorkhorseRunnable.run()
2018-03-23 14:54:26,898 [pool-1-thread-1] DEBUG: edu.cmu.ri.createlab.device.connectivity.BaseCreateLabDeviceConnectivityManager: BaseCreateLabDeviceConnectivityManager.disconnect()
2018-03-23 14:54:26,898 [pool-1-thread-1] DEBUG: edu.cmu.ri.createlab.terk.robot.finch.LocalFinchConnectionStrategy: LocalFinchConnectionStrategy.handleConnectionStateChange(): OLD [Disconnected]  NEW [Disconnected]  port []
2018-03-23 14:54:26,899 [BaseCreateLabDeviceConnectivityManager.executorService pool-1-thread-1] DEBUG: edu.cmu.ri.createlab.device.connectivity.BaseCreateLabDeviceConnectivityManager: CreateLabDeviceConnectivityManagerImpl$DeviceScanner.run()
2018-03-23 14:54:26,899 [BaseCreateLabDeviceConnectivityManager.executorService pool-1-thread-1] DEBUG: edu.cmu.ri.createlab.terk.robot.finch.LocalFinchConnectionStrategy: LocalFinchConnectionStrategy.handleConnectionStateChange(): OLD [Disconnected]  NEW [Scanning]  port []
2018-03-23 14:54:26,904 [BaseCreateLabDeviceConnectivityManager.executorService pool-1-thread-1] DEBUG: edu.cmu.ri.createlab.terk.robot.finch.DefaultFinchController: DefaultFinchController.create(): creating HID device for vendor ID [2354] and product ID [1111]
2018-03-23 14:54:26,914 [BaseCreateLabDeviceConnectivityManager.executorService pool-1-thread-1] DEBUG: edu.cmu.ri.createlab.terk.robot.finch.DefaultFinchController: DefaultFinchController.create(): attempting connection...
2018-03-23 14:54:27,262 [BaseCreateLabDeviceConnectivityManager.executorService pool-1-thread-1] DEBUG: edu.cmu.ri.createlab.usb.hid.windows.WindowsHIDDevice: WindowsHIDDevice.disconnect(): disconnected successfully
2018-03-23 14:54:27,263 [BaseCreateLabDeviceConnectivityManager.executorService pool-1-thread-1] DEBUG: edu.cmu.ri.createlab.usb.hid.windows.WindowsHIDDevice: WindowsHIDDevice.connect(): connection successful
2018-03-23 14:54:27,277 [BaseCreateLabDeviceConnectivityManager.executorService pool-1-thread-1] DEBUG: edu.cmu.ri.createlab.device.connectivity.BaseCreateLabDeviceConnectivityManager: CreateLabDeviceConnectivityManagerImpl$DeviceScanner.run(): connection established!
2018-03-23 14:54:27,278 [BaseCreateLabDeviceConnectivityManager.executorService pool-1-thread-1] DEBUG: edu.cmu.ri.createlab.terk.robot.finch.LocalFinchConnectionStrategy: LocalFinchConnectionStrategy.handleConnectionStateChange(): OLD [Scanning]  NEW [Connected]  port [\\?\hid#vid_2354&pid_1111#6&a16e711&2&0000#{4d1e55b2-f16f-11cf-88cb-001111000030}]
2018-03-23 14:54:27,284 [AWT-EventQueue-0] DEBUG: edu.cmu.ri.createlab.terk.robot.finch.services.FinchServiceManager: FinchServiceManager.loadService() needs to load the [::TeRK::buzzer::BuzzerService] service
2018-03-23 14:54:27,284 [AWT-EventQueue-0] DEBUG: edu.cmu.ri.createlab.terk.robot.finch.services.FinchServiceFactory: FinchServiceFactory.createService(::TeRK::buzzer::BuzzerService)
2018-03-23 14:54:27,289 [AWT-EventQueue-0] DEBUG: edu.cmu.ri.createlab.terk.properties.BasicPropertyManager: ServantPropertyManager.setReadOnlyProperty(device.count,1)
2018-03-23 14:54:27,289 [AWT-EventQueue-0] DEBUG: edu.cmu.ri.createlab.terk.properties.BasicPropertyManager: ServantPropertyManager.setReadOnlyProperty(::TeRK::buzzer::BuzzerService::min-duration,0)
2018-03-23 14:54:27,289 [AWT-EventQueue-0] DEBUG: edu.cmu.ri.createlab.terk.properties.BasicPropertyManager: ServantPropertyManager.setReadOnlyProperty(::TeRK::buzzer::BuzzerService::max-duration,65535)
2018-03-23 14:54:27,289 [AWT-EventQueue-0] DEBUG: edu.cmu.ri.createlab.terk.properties.BasicPropertyManager: ServantPropertyManager.setReadOnlyProperty(::TeRK::buzzer::BuzzerService::min-frequency,0)
2018-03-23 14:54:27,289 [AWT-EventQueue-0] DEBUG: edu.cmu.ri.createlab.terk.properties.BasicPropertyManager: ServantPropertyManager.setReadOnlyProperty(::TeRK::buzzer::BuzzerService::max-frequency,65535)
2018-03-23 14:54:27,602 [AWT-EventQueue-0] DEBUG: edu.cmu.ri.createlab.terk.robot.finch.services.FinchServiceManager: FinchServiceManager.loadService() needs to load the [::TeRK::led::FullColorLEDService] service
2018-03-23 14:54:27,602 [AWT-EventQueue-0] DEBUG: edu.cmu.ri.createlab.terk.robot.finch.services.FinchServiceFactory: FinchServiceFactory.createService(::TeRK::led::FullColorLEDService)
2018-03-23 14:54:27,604 [AWT-EventQueue-0] DEBUG: edu.cmu.ri.createlab.terk.properties.BasicPropertyManager: ServantPropertyManager.setReadOnlyProperty(device.count,1)
2018-03-23 14:54:27,604 [AWT-EventQueue-0] DEBUG: edu.cmu.ri.createlab.terk.properties.BasicPropertyManager: ServantPropertyManager.setReadOnlyProperty(::TeRK::led::FullColorLEDService::min-intensity,0)
2018-03-23 14:54:27,604 [AWT-EventQueue-0] DEBUG: edu.cmu.ri.createlab.terk.properties.BasicPropertyManager: ServantPropertyManager.setReadOnlyProperty(::TeRK::led::FullColorLEDService::max-intensity,255)
2018-03-23 14:54:27,722 [AWT-EventQueue-0] DEBUG: edu.cmu.ri.createlab.terk.robot.finch.services.FinchServiceManager: FinchServiceManager.loadService() needs to load the [::TeRK::motor::OpenLoopVelocityControllableMotorService] service
2018-03-23 14:54:27,722 [AWT-EventQueue-0] DEBUG: edu.cmu.ri.createlab.terk.robot.finch.services.FinchServiceFactory: FinchServiceFactory.createService(::TeRK::motor::OpenLoopVelocityControllableMotorService)
2018-03-23 14:54:27,723 [AWT-EventQueue-0] DEBUG: edu.cmu.ri.createlab.terk.properties.BasicPropertyManager: ServantPropertyManager.setReadOnlyProperty(device.count,2)
2018-03-23 14:54:27,724 [AWT-EventQueue-0] DEBUG: edu.cmu.ri.createlab.terk.properties.BasicPropertyManager: ServantPropertyManager.setReadOnlyProperty(::TeRK::motor::OpenLoopVelocityControllableMotorService::min-velocity,-255)
2018-03-23 14:54:27,724 [AWT-EventQueue-0] DEBUG: edu.cmu.ri.createlab.terk.properties.BasicPropertyManager: ServantPropertyManager.setReadOnlyProperty(::TeRK::motor::OpenLoopVelocityControllableMotorService::max-velocity,255)
2018-03-23 14:55:16,629 [AWT-EventQueue-0] DEBUG: edu.cmu.ri.createlab.terk.application.TerkApplication: TerkApplication.shutdown()
2018-03-23 14:55:16,629 [pool-1-thread-1] DEBUG: edu.cmu.ri.createlab.terk.application.TerkApplication: TerkApplication$shutdownRunnable.run()
2018-03-23 14:55:16,629 [pool-1-thread-1] DEBUG: edu.cmu.ri.createlab.terk.robot.finch.LocalFinchConnectionStrategy: LocalFinchConnectionStrategy.prepareForShutdown()
2018-03-23 14:55:16,629 [pool-1-thread-1] DEBUG: edu.cmu.ri.createlab.terk.robot.finch.LocalFinchConnectionStrategy: LocalFinchConnectionStrategy.disconnect()
2018-03-23 14:55:16,629 [pool-1-thread-1] DEBUG: edu.cmu.ri.createlab.device.connectivity.BaseCreateLabDeviceConnectivityManager: BaseCreateLabDeviceConnectivityManager.disconnect()
2018-03-23 14:55:16,629 [pool-1-thread-1] DEBUG: edu.cmu.ri.createlab.terk.robot.finch.DefaultFinchController: DefaultFinchController.disconnect(): Shutting down finch pinger...
2018-03-23 14:55:16,630 [pool-1-thread-1] DEBUG: edu.cmu.ri.createlab.terk.robot.finch.DefaultFinchController: DefaultFinchController.disconnect(): Successfully shut down finch pinger.
2018-03-23 14:55:16,630 [pool-1-thread-1] DEBUG: edu.cmu.ri.createlab.terk.robot.finch.DefaultFinchController: DefaultFinchController.disconnect(): Now attempting to send the disconnect command to the finch
2018-03-23 14:55:16,637 [pool-1-thread-1] DEBUG: edu.cmu.ri.createlab.terk.robot.finch.DefaultFinchController: DefaultFinchController.disconnect(): Successfully disconnected from the finch.
2018-03-23 14:55:16,637 [pool-1-thread-1] DEBUG: edu.cmu.ri.createlab.terk.robot.finch.DefaultFinchController: DefaultFinchController.disconnect(): Now shutting down the HIDCommandExecutionQueue...
2018-03-23 14:55:16,637 [pool-1-thread-1] DEBUG: edu.cmu.ri.createlab.usb.hid.HIDCommandExecutionQueue: HIDCommandExecutionQueue.shutdown(): Shutting down the HID device command execution queue
2018-03-23 14:55:16,637 [pool-1-thread-1] DEBUG: edu.cmu.ri.createlab.usb.hid.HIDCommandExecutionQueue: HIDCommandExecutionQueue.shutdown(): Unexecuted tasks: 0
2018-03-23 14:55:16,637 [pool-1-thread-1] DEBUG: edu.cmu.ri.createlab.usb.hid.HIDCommandExecutionQueue: HIDCommandExecutionQueue.shutdown(): Waiting for the HID device command execution queue to shutdown.
2018-03-23 14:55:16,637 [pool-1-thread-1] DEBUG: edu.cmu.ri.createlab.usb.hid.HIDCommandExecutionQueue: HIDCommandExecutionQueue.shutdown(): HID device command execution queue successfully shutdown
2018-03-23 14:55:16,637 [pool-1-thread-1] DEBUG: edu.cmu.ri.createlab.usb.hid.HIDCommandExecutionQueue: HIDCommandExecutionQueue.shutdown(): Now attempting to disconnect from the HID device...
2018-03-23 14:55:16,637 [pool-1-thread-1] DEBUG: edu.cmu.ri.createlab.usb.hid.windows.WindowsHIDDevice: WindowsHIDDevice.disconnect(): disconnected successfully
2018-03-23 14:55:16,637 [pool-1-thread-1] DEBUG: edu.cmu.ri.createlab.usb.hid.HIDCommandExecutionQueue: HIDCommandExecutionQueue.shutdown(): HID device disconnected successfully.
2018-03-23 14:55:16,637 [pool-1-thread-1] DEBUG: edu.cmu.ri.createlab.terk.robot.finch.LocalFinchConnectionStrategy: LocalFinchConnectionStrategy.handleConnectionStateChange(): OLD [Connected]  NEW [Disconnected]  port []
2018-03-23 15:04:43,221 [AWT-EventQueue-0] DEBUG: edu.cmu.ri.createlab.terk.application.TerkApplication: TerkApplication.TerkApplication()
2018-03-23 15:04:43,221 [AWT-EventQueue-0] INFO : edu.cmu.ri.createlab.terk.application.TerkApplication: TerkApplication.TerkApplication(): System property [terk-application.connection-strategy.class.name] is not defined.  Attempting to use default [edu.cmu.ri.createlab.terk.robot.finch.LocalFinchConnectionStrategy] implementation class instead.
2018-03-23 15:04:43,231 [AWT-EventQueue-0] DEBUG: edu.cmu.ri.createlab.terk.application.TerkApplication: TerkApplication.TerkApplication(): successfully instantiated ConnectionStrategy implementation class [edu.cmu.ri.createlab.terk.robot.finch.LocalFinchConnectionStrategy]
2018-03-23 15:04:43,235 [pool-1-thread-1] DEBUG: edu.cmu.ri.createlab.device.connectivity.BaseCreateLabDeviceConnectivityManager: BaseCreateLabDeviceConnectivityManager: scanAndConnectWorkhorseRunnable.run()
2018-03-23 15:04:43,236 [pool-1-thread-1] DEBUG: edu.cmu.ri.createlab.device.connectivity.BaseCreateLabDeviceConnectivityManager: BaseCreateLabDeviceConnectivityManager.disconnect()
2018-03-23 15:04:43,236 [pool-1-thread-1] DEBUG: edu.cmu.ri.createlab.terk.robot.finch.LocalFinchConnectionStrategy: LocalFinchConnectionStrategy.handleConnectionStateChange(): OLD [Disconnected]  NEW [Disconnected]  port []
2018-03-23 15:04:43,236 [BaseCreateLabDeviceConnectivityManager.executorService pool-1-thread-1] DEBUG: edu.cmu.ri.createlab.device.connectivity.BaseCreateLabDeviceConnectivityManager: CreateLabDeviceConnectivityManagerImpl$DeviceScanner.run()
2018-03-23 15:04:43,237 [BaseCreateLabDeviceConnectivityManager.executorService pool-1-thread-1] DEBUG: edu.cmu.ri.createlab.terk.robot.finch.LocalFinchConnectionStrategy: LocalFinchConnectionStrategy.handleConnectionStateChange(): OLD [Disconnected]  NEW [Scanning]  port []
2018-03-23 15:04:43,243 [BaseCreateLabDeviceConnectivityManager.executorService pool-1-thread-1] DEBUG: edu.cmu.ri.createlab.terk.robot.finch.DefaultFinchController: DefaultFinchController.create(): creating HID device for vendor ID [2354] and product ID [1111]
2018-03-23 15:04:43,248 [BaseCreateLabDeviceConnectivityManager.executorService pool-1-thread-1] DEBUG: edu.cmu.ri.createlab.terk.robot.finch.DefaultFinchController: DefaultFinchController.create(): attempting connection...
2018-03-23 15:04:43,457 [BaseCreateLabDeviceConnectivityManager.executorService pool-1-thread-1] DEBUG: edu.cmu.ri.createlab.usb.hid.windows.WindowsHIDDevice: WindowsHIDDevice.disconnect(): disconnected successfully
2018-03-23 15:04:43,458 [BaseCreateLabDeviceConnectivityManager.executorService pool-1-thread-1] DEBUG: edu.cmu.ri.createlab.usb.hid.windows.WindowsHIDDevice: WindowsHIDDevice.connect(): connection successful
2018-03-23 15:04:43,468 [BaseCreateLabDeviceConnectivityManager.executorService pool-1-thread-1] DEBUG: edu.cmu.ri.createlab.device.connectivity.BaseCreateLabDeviceConnectivityManager: CreateLabDeviceConnectivityManagerImpl$DeviceScanner.run(): connection established!
2018-03-23 15:04:43,469 [BaseCreateLabDeviceConnectivityManager.executorService pool-1-thread-1] DEBUG: edu.cmu.ri.createlab.terk.robot.finch.LocalFinchConnectionStrategy: LocalFinchConnectionStrategy.handleConnectionStateChange(): OLD [Scanning]  NEW [Connected]  port [\\?\hid#vid_2354&pid_1111#6&a16e711&2&0000#{4d1e55b2-f16f-11cf-88cb-001111000030}]
2018-03-23 15:04:43,474 [AWT-EventQueue-0] DEBUG: edu.cmu.ri.createlab.terk.robot.finch.services.FinchServiceManager: FinchServiceManager.loadService() needs to load the [::TeRK::buzzer::BuzzerService] service
2018-03-23 15:04:43,474 [AWT-EventQueue-0] DEBUG: edu.cmu.ri.createlab.terk.robot.finch.services.FinchServiceFactory: FinchServiceFactory.createService(::TeRK::buzzer::BuzzerService)
2018-03-23 15:04:43,478 [AWT-EventQueue-0] DEBUG: edu.cmu.ri.createlab.terk.properties.BasicPropertyManager: ServantPropertyManager.setReadOnlyProperty(device.count,1)
2018-03-23 15:04:43,478 [AWT-EventQueue-0] DEBUG: edu.cmu.ri.createlab.terk.properties.BasicPropertyManager: ServantPropertyManager.setReadOnlyProperty(::TeRK::buzzer::BuzzerService::min-duration,0)
2018-03-23 15:04:43,478 [AWT-EventQueue-0] DEBUG: edu.cmu.ri.createlab.terk.properties.BasicPropertyManager: ServantPropertyManager.setReadOnlyProperty(::TeRK::buzzer::BuzzerService::max-duration,65535)
2018-03-23 15:04:43,478 [AWT-EventQueue-0] DEBUG: edu.cmu.ri.createlab.terk.properties.BasicPropertyManager: ServantPropertyManager.setReadOnlyProperty(::TeRK::buzzer::BuzzerService::min-frequency,0)
2018-03-23 15:04:43,478 [AWT-EventQueue-0] DEBUG: edu.cmu.ri.createlab.terk.properties.BasicPropertyManager: ServantPropertyManager.setReadOnlyProperty(::TeRK::buzzer::BuzzerService::max-frequency,65535)
2018-03-23 15:04:43,792 [AWT-EventQueue-0] DEBUG: edu.cmu.ri.createlab.terk.robot.finch.services.FinchServiceManager: FinchServiceManager.loadService() needs to load the [::TeRK::led::FullColorLEDService] service
2018-03-23 15:04:43,792 [AWT-EventQueue-0] DEBUG: edu.cmu.ri.createlab.terk.robot.finch.services.FinchServiceFactory: FinchServiceFactory.createService(::TeRK::led::FullColorLEDService)
2018-03-23 15:04:43,794 [AWT-EventQueue-0] DEBUG: edu.cmu.ri.createlab.terk.properties.BasicPropertyManager: ServantPropertyManager.setReadOnlyProperty(device.count,1)
2018-03-23 15:04:43,794 [AWT-EventQueue-0] DEBUG: edu.cmu.ri.createlab.terk.properties.BasicPropertyManager: ServantPropertyManager.setReadOnlyProperty(::TeRK::led::FullColorLEDService::min-intensity,0)
2018-03-23 15:04:43,795 [AWT-EventQueue-0] DEBUG: edu.cmu.ri.createlab.terk.properties.BasicPropertyManager: ServantPropertyManager.setReadOnlyProperty(::TeRK::led::FullColorLEDService::max-intensity,255)
2018-03-23 15:04:43,904 [AWT-EventQueue-0] DEBUG: edu.cmu.ri.createlab.terk.robot.finch.services.FinchServiceManager: FinchServiceManager.loadService() needs to load the [::TeRK::motor::OpenLoopVelocityControllableMotorService] service
2018-03-23 15:04:43,904 [AWT-EventQueue-0] DEBUG: edu.cmu.ri.createlab.terk.robot.finch.services.FinchServiceFactory: FinchServiceFactory.createService(::TeRK::motor::OpenLoopVelocityControllableMotorService)
2018-03-23 15:04:43,905 [AWT-EventQueue-0] DEBUG: edu.cmu.ri.createlab.terk.properties.BasicPropertyManager: ServantPropertyManager.setReadOnlyProperty(device.count,2)
2018-03-23 15:04:43,905 [AWT-EventQueue-0] DEBUG: edu.cmu.ri.createlab.terk.properties.BasicPropertyManager: ServantPropertyManager.setReadOnlyProperty(::TeRK::motor::OpenLoopVelocityControllableMotorService::min-velocity,-255)
2018-03-23 15:04:43,905 [AWT-EventQueue-0] DEBUG: edu.cmu.ri.createlab.terk.properties.BasicPropertyManager: ServantPropertyManager.setReadOnlyProperty(::TeRK::motor::OpenLoopVelocityControllableMotorService::max-velocity,255)
2018-03-23 15:05:30,811 [AWT-EventQueue-0] DEBUG: edu.cmu.ri.createlab.terk.application.TerkApplication: TerkApplication.shutdown()
2018-03-23 15:05:30,812 [pool-1-thread-1] DEBUG: edu.cmu.ri.createlab.terk.application.TerkApplication: TerkApplication$shutdownRunnable.run()
2018-03-23 15:05:30,812 [pool-1-thread-1] DEBUG: edu.cmu.ri.createlab.terk.robot.finch.LocalFinchConnectionStrategy: LocalFinchConnectionStrategy.prepareForShutdown()
2018-03-23 15:05:30,812 [pool-1-thread-1] DEBUG: edu.cmu.ri.createlab.terk.robot.finch.LocalFinchConnectionStrategy: LocalFinchConnectionStrategy.disconnect()
2018-03-23 15:05:30,812 [pool-1-thread-1] DEBUG: edu.cmu.ri.createlab.device.connectivity.BaseCreateLabDeviceConnectivityManager: BaseCreateLabDeviceConnectivityManager.disconnect()
2018-03-23 15:05:30,812 [pool-1-thread-1] DEBUG: edu.cmu.ri.createlab.terk.robot.finch.DefaultFinchController: DefaultFinchController.disconnect(): Shutting down finch pinger...
2018-03-23 15:05:30,812 [pool-1-thread-1] DEBUG: edu.cmu.ri.createlab.terk.robot.finch.DefaultFinchController: DefaultFinchController.disconnect(): Successfully shut down finch pinger.
2018-03-23 15:05:30,812 [pool-1-thread-1] DEBUG: edu.cmu.ri.createlab.terk.robot.finch.DefaultFinchController: DefaultFinchController.disconnect(): Now attempting to send the disconnect command to the finch
2018-03-23 15:05:30,819 [pool-1-thread-1] DEBUG: edu.cmu.ri.createlab.terk.robot.finch.DefaultFinchController: DefaultFinchController.disconnect(): Successfully disconnected from the finch.
2018-03-23 15:05:30,819 [pool-1-thread-1] DEBUG: edu.cmu.ri.createlab.terk.robot.finch.DefaultFinchController: DefaultFinchController.disconnect(): Now shutting down the HIDCommandExecutionQueue...
2018-03-23 15:05:30,819 [pool-1-thread-1] DEBUG: edu.cmu.ri.createlab.usb.hid.HIDCommandExecutionQueue: HIDCommandExecutionQueue.shutdown(): Shutting down the HID device command execution queue
2018-03-23 15:05:30,820 [pool-1-thread-1] DEBUG: edu.cmu.ri.createlab.usb.hid.HIDCommandExecutionQueue: HIDCommandExecutionQueue.shutdown(): Unexecuted tasks: 0
2018-03-23 15:05:30,820 [pool-1-thread-1] DEBUG: edu.cmu.ri.createlab.usb.hid.HIDCommandExecutionQueue: HIDCommandExecutionQueue.shutdown(): Waiting for the HID device command execution queue to shutdown.
2018-03-23 15:05:30,820 [pool-1-thread-1] DEBUG: edu.cmu.ri.createlab.usb.hid.HIDCommandExecutionQueue: HIDCommandExecutionQueue.shutdown(): HID device command execution queue successfully shutdown
2018-03-23 15:05:30,820 [pool-1-thread-1] DEBUG: edu.cmu.ri.createlab.usb.hid.HIDCommandExecutionQueue: HIDCommandExecutionQueue.shutdown(): Now attempting to disconnect from the HID device...
2018-03-23 15:05:30,820 [pool-1-thread-1] DEBUG: edu.cmu.ri.createlab.usb.hid.windows.WindowsHIDDevice: WindowsHIDDevice.disconnect(): disconnected successfully
2018-03-23 15:05:30,820 [pool-1-thread-1] DEBUG: edu.cmu.ri.createlab.usb.hid.HIDCommandExecutionQueue: HIDCommandExecutionQueue.shutdown(): HID device disconnected successfully.
2018-03-23 15:05:30,820 [pool-1-thread-1] DEBUG: edu.cmu.ri.createlab.terk.robot.finch.LocalFinchConnectionStrategy: LocalFinchConnectionStrategy.handleConnectionStateChange(): OLD [Connected]  NEW [Disconnected]  port []
2018-03-29 04:48:37,355 [AWT-EventQueue-0] DEBUG: edu.cmu.ri.createlab.terk.application.TerkApplication: TerkApplication.TerkApplication()
2018-03-29 04:48:37,371 [AWT-EventQueue-0] INFO : edu.cmu.ri.createlab.terk.application.TerkApplication: TerkApplication.TerkApplication(): System property [terk-application.connection-strategy.class.name] is not defined.  Attempting to use default [edu.cmu.ri.createlab.terk.robot.finch.LocalFinchConnectionStrategy] implementation class instead.
2018-03-29 04:48:37,381 [AWT-EventQueue-0] DEBUG: edu.cmu.ri.createlab.terk.application.TerkApplication: TerkApplication.TerkApplication(): successfully instantiated ConnectionStrategy implementation class [edu.cmu.ri.createlab.terk.robot.finch.LocalFinchConnectionStrategy]
2018-03-29 04:48:37,386 [pool-1-thread-1] DEBUG: edu.cmu.ri.createlab.device.connectivity.BaseCreateLabDeviceConnectivityManager: BaseCreateLabDeviceConnectivityManager: scanAndConnectWorkhorseRunnable.run()
2018-03-29 04:48:37,387 [pool-1-thread-1] DEBUG: edu.cmu.ri.createlab.device.connectivity.BaseCreateLabDeviceConnectivityManager: BaseCreateLabDeviceConnectivityManager.disconnect()
2018-03-29 04:48:37,387 [pool-1-thread-1] DEBUG: edu.cmu.ri.createlab.terk.robot.finch.LocalFinchConnectionStrategy: LocalFinchConnectionStrategy.handleConnectionStateChange(): OLD [Disconnected]  NEW [Disconnected]  port []
2018-03-29 04:48:37,388 [BaseCreateLabDeviceConnectivityManager.executorService pool-1-thread-1] DEBUG: edu.cmu.ri.createlab.device.connectivity.BaseCreateLabDeviceConnectivityManager: CreateLabDeviceConnectivityManagerImpl$DeviceScanner.run()
2018-03-29 04:48:37,389 [BaseCreateLabDeviceConnectivityManager.executorService pool-1-thread-1] DEBUG: edu.cmu.ri.createlab.terk.robot.finch.LocalFinchConnectionStrategy: LocalFinchConnectionStrategy.handleConnectionStateChange(): OLD [Disconnected]  NEW [Scanning]  port []
2018-03-29 04:48:37,395 [BaseCreateLabDeviceConnectivityManager.executorService pool-1-thread-1] DEBUG: edu.cmu.ri.createlab.terk.robot.finch.DefaultFinchController: DefaultFinchController.create(): creating HID device for vendor ID [2354] and product ID [1111]
2018-03-29 04:48:37,405 [BaseCreateLabDeviceConnectivityManager.executorService pool-1-thread-1] DEBUG: edu.cmu.ri.createlab.terk.robot.finch.DefaultFinchController: DefaultFinchController.create(): attempting connection...
2018-03-29 04:48:37,559 [BaseCreateLabDeviceConnectivityManager.executorService pool-1-thread-1] ERROR: edu.cmu.ri.createlab.usb.hid.windows.WindowsHIDDevice: WindowsHIDDevice.readDeviceInfo(): CreateFile failed (WinError{id=5, name='Access Denied: access is denied'}), skipping this device
2018-03-29 04:48:37,559 [BaseCreateLabDeviceConnectivityManager.executorService pool-1-thread-1] ERROR: edu.cmu.ri.createlab.usb.hid.windows.WindowsHIDDevice: WindowsHIDDevice.disconnect(): Failed to disconnect because the file handle is null
2018-03-29 04:48:37,559 [BaseCreateLabDeviceConnectivityManager.executorService pool-1-thread-1] ERROR: edu.cmu.ri.createlab.usb.hid.windows.WindowsHIDDevice: WindowsHIDDevice.readDeviceInfo(): Failed to read device attributes
2018-03-29 04:48:37,560 [BaseCreateLabDeviceConnectivityManager.executorService pool-1-thread-1] DEBUG: edu.cmu.ri.createlab.usb.hid.windows.WindowsHIDDevice: WindowsHIDDevice.disconnect(): disconnected successfully
2018-03-29 04:48:37,621 [BaseCreateLabDeviceConnectivityManager.executorService pool-1-thread-1] DEBUG: edu.cmu.ri.createlab.usb.hid.windows.WindowsHIDDevice: WindowsHIDDevice.disconnect(): disconnected successfully
2018-03-29 04:48:37,622 [BaseCreateLabDeviceConnectivityManager.executorService pool-1-thread-1] DEBUG: edu.cmu.ri.createlab.usb.hid.windows.WindowsHIDDevice: WindowsHIDDevice.connect(): connection successful
2018-03-29 04:48:37,640 [BaseCreateLabDeviceConnectivityManager.executorService pool-1-thread-1] DEBUG: edu.cmu.ri.createlab.device.connectivity.BaseCreateLabDeviceConnectivityManager: CreateLabDeviceConnectivityManagerImpl$DeviceScanner.run(): connection established!
2018-03-29 04:48:37,640 [BaseCreateLabDeviceConnectivityManager.executorService pool-1-thread-1] DEBUG: edu.cmu.ri.createlab.terk.robot.finch.LocalFinchConnectionStrategy: LocalFinchConnectionStrategy.handleConnectionStateChange(): OLD [Scanning]  NEW [Connected]  port [\\?\hid#vid_2354&pid_1111#6&a16e711&2&0000#{4d1e55b2-f16f-11cf-88cb-001111000030}]
2018-03-29 04:48:37,645 [AWT-EventQueue-0] DEBUG: edu.cmu.ri.createlab.terk.robot.finch.services.FinchServiceManager: FinchServiceManager.loadService() needs to load the [::TeRK::buzzer::BuzzerService] service
2018-03-29 04:48:37,645 [AWT-EventQueue-0] DEBUG: edu.cmu.ri.createlab.terk.robot.finch.services.FinchServiceFactory: FinchServiceFactory.createService(::TeRK::buzzer::BuzzerService)
2018-03-29 04:48:37,650 [AWT-EventQueue-0] DEBUG: edu.cmu.ri.createlab.terk.properties.BasicPropertyManager: ServantPropertyManager.setReadOnlyProperty(device.count,1)
2018-03-29 04:48:37,650 [AWT-EventQueue-0] DEBUG: edu.cmu.ri.createlab.terk.properties.BasicPropertyManager: ServantPropertyManager.setReadOnlyProperty(::TeRK::buzzer::BuzzerService::min-duration,0)
2018-03-29 04:48:37,650 [AWT-EventQueue-0] DEBUG: edu.cmu.ri.createlab.terk.properties.BasicPropertyManager: ServantPropertyManager.setReadOnlyProperty(::TeRK::buzzer::BuzzerService::max-duration,65535)
2018-03-29 04:48:37,650 [AWT-EventQueue-0] DEBUG: edu.cmu.ri.createlab.terk.properties.BasicPropertyManager: ServantPropertyManager.setReadOnlyProperty(::TeRK::buzzer::BuzzerService::min-frequency,0)
2018-03-29 04:48:37,650 [AWT-EventQueue-0] DEBUG: edu.cmu.ri.createlab.terk.properties.BasicPropertyManager: ServantPropertyManager.setReadOnlyProperty(::TeRK::buzzer::BuzzerService::max-frequency,65535)
2018-03-29 04:48:37,963 [AWT-EventQueue-0] DEBUG: edu.cmu.ri.createlab.terk.robot.finch.services.FinchServiceManager: FinchServiceManager.loadService() needs to load the [::TeRK::led::FullColorLEDService] service
2018-03-29 04:48:37,963 [AWT-EventQueue-0] DEBUG: edu.cmu.ri.createlab.terk.robot.finch.services.FinchServiceFactory: FinchServiceFactory.createService(::TeRK::led::FullColorLEDService)
2018-03-29 04:48:37,965 [AWT-EventQueue-0] DEBUG: edu.cmu.ri.createlab.terk.properties.BasicPropertyManager: ServantPropertyManager.setReadOnlyProperty(device.count,1)
2018-03-29 04:48:37,965 [AWT-EventQueue-0] DEBUG: edu.cmu.ri.createlab.terk.properties.BasicPropertyManager: ServantPropertyManager.setReadOnlyProperty(::TeRK::led::FullColorLEDService::min-intensity,0)
2018-03-29 04:48:37,965 [AWT-EventQueue-0] DEBUG: edu.cmu.ri.createlab.terk.properties.BasicPropertyManager: ServantPropertyManager.setReadOnlyProperty(::TeRK::led::FullColorLEDService::max-intensity,255)
2018-03-29 04:48:38,075 [AWT-EventQueue-0] DEBUG: edu.cmu.ri.createlab.terk.robot.finch.services.FinchServiceManager: FinchServiceManager.loadService() needs to load the [::TeRK::motor::OpenLoopVelocityControllableMotorService] service
2018-03-29 04:48:38,075 [AWT-EventQueue-0] DEBUG: edu.cmu.ri.createlab.terk.robot.finch.services.FinchServiceFactory: FinchServiceFactory.createService(::TeRK::motor::OpenLoopVelocityControllableMotorService)
2018-03-29 04:48:38,076 [AWT-EventQueue-0] DEBUG: edu.cmu.ri.createlab.terk.properties.BasicPropertyManager: ServantPropertyManager.setReadOnlyProperty(device.count,2)
2018-03-29 04:48:38,076 [AWT-EventQueue-0] DEBUG: edu.cmu.ri.createlab.terk.properties.BasicPropertyManager: ServantPropertyManager.setReadOnlyProperty(::TeRK::motor::OpenLoopVelocityControllableMotorService::min-velocity,-255)
2018-03-29 04:48:38,076 [AWT-EventQueue-0] DEBUG: edu.cmu.ri.createlab.terk.properties.BasicPropertyManager: ServantPropertyManager.setReadOnlyProperty(::TeRK::motor::OpenLoopVelocityControllableMotorService::max-velocity,255)
2018-03-29 04:49:21,579 [AWT-EventQueue-0] DEBUG: edu.cmu.ri.createlab.terk.application.TerkApplication: TerkApplication.TerkApplication()
2018-03-29 04:49:21,579 [AWT-EventQueue-0] INFO : edu.cmu.ri.createlab.terk.application.TerkApplication: TerkApplication.TerkApplication(): System property [terk-application.connection-strategy.class.name] is not defined.  Attempting to use default [edu.cmu.ri.createlab.terk.robot.finch.LocalFinchConnectionStrategy] implementation class instead.
2018-03-29 04:49:21,588 [AWT-EventQueue-0] DEBUG: edu.cmu.ri.createlab.terk.application.TerkApplication: TerkApplication.TerkApplication(): successfully instantiated ConnectionStrategy implementation class [edu.cmu.ri.createlab.terk.robot.finch.LocalFinchConnectionStrategy]
2018-03-29 04:49:21,592 [pool-1-thread-1] DEBUG: edu.cmu.ri.createlab.device.connectivity.BaseCreateLabDeviceConnectivityManager: BaseCreateLabDeviceConnectivityManager: scanAndConnectWorkhorseRunnable.run()
2018-03-29 04:49:21,593 [pool-1-thread-1] DEBUG: edu.cmu.ri.createlab.device.connectivity.BaseCreateLabDeviceConnectivityManager: BaseCreateLabDeviceConnectivityManager.disconnect()
2018-03-29 04:49:21,593 [pool-1-thread-1] DEBUG: edu.cmu.ri.createlab.terk.robot.finch.LocalFinchConnectionStrategy: LocalFinchConnectionStrategy.handleConnectionStateChange(): OLD [Disconnected]  NEW [Disconnected]  port []
2018-03-29 04:49:21,594 [BaseCreateLabDeviceConnectivityManager.executorService pool-1-thread-1] DEBUG: edu.cmu.ri.createlab.device.connectivity.BaseCreateLabDeviceConnectivityManager: CreateLabDeviceConnectivityManagerImpl$DeviceScanner.run()
2018-03-29 04:49:21,594 [BaseCreateLabDeviceConnectivityManager.executorService pool-1-thread-1] DEBUG: edu.cmu.ri.createlab.terk.robot.finch.LocalFinchConnectionStrategy: LocalFinchConnectionStrategy.handleConnectionStateChange(): OLD [Disconnected]  NEW [Scanning]  port []
2018-03-29 04:49:21,600 [BaseCreateLabDeviceConnectivityManager.executorService pool-1-thread-1] DEBUG: edu.cmu.ri.createlab.terk.robot.finch.DefaultFinchController: DefaultFinchController.create(): creating HID device for vendor ID [2354] and product ID [1111]
2018-03-29 04:49:21,609 [BaseCreateLabDeviceConnectivityManager.executorService pool-1-thread-1] DEBUG: edu.cmu.ri.createlab.terk.robot.finch.DefaultFinchController: DefaultFinchController.create(): attempting connection...
2018-03-29 04:49:21,754 [BaseCreateLabDeviceConnectivityManager.executorService pool-1-thread-1] ERROR: edu.cmu.ri.createlab.usb.hid.windows.WindowsHIDDevice: WindowsHIDDevice.readDeviceInfo(): CreateFile failed (WinError{id=5, name='Access Denied: access is denied'}), skipping this device
2018-03-29 04:49:21,754 [BaseCreateLabDeviceConnectivityManager.executorService pool-1-thread-1] ERROR: edu.cmu.ri.createlab.usb.hid.windows.WindowsHIDDevice: WindowsHIDDevice.disconnect(): Failed to disconnect because the file handle is null
2018-03-29 04:49:21,755 [BaseCreateLabDeviceConnectivityManager.executorService pool-1-thread-1] ERROR: edu.cmu.ri.createlab.usb.hid.windows.WindowsHIDDevice: WindowsHIDDevice.readDeviceInfo(): Failed to read device attributes
2018-03-29 04:49:21,755 [BaseCreateLabDeviceConnectivityManager.executorService pool-1-thread-1] DEBUG: edu.cmu.ri.createlab.usb.hid.windows.WindowsHIDDevice: WindowsHIDDevice.disconnect(): disconnected successfully
2018-03-29 04:49:21,816 [BaseCreateLabDeviceConnectivityManager.executorService pool-1-thread-1] DEBUG: edu.cmu.ri.createlab.usb.hid.windows.WindowsHIDDevice: WindowsHIDDevice.disconnect(): disconnected successfully
2018-03-29 04:49:21,817 [BaseCreateLabDeviceConnectivityManager.executorService pool-1-thread-1] DEBUG: edu.cmu.ri.createlab.usb.hid.windows.WindowsHIDDevice: WindowsHIDDevice.connect(): connection successful
2018-03-29 04:49:21,832 [BaseCreateLabDeviceConnectivityManager.executorService pool-1-thread-1] DEBUG: edu.cmu.ri.createlab.device.connectivity.BaseCreateLabDeviceConnectivityManager: CreateLabDeviceConnectivityManagerImpl$DeviceScanner.run(): connection established!
2018-03-29 04:49:21,832 [BaseCreateLabDeviceConnectivityManager.executorService pool-1-thread-1] DEBUG: edu.cmu.ri.createlab.terk.robot.finch.LocalFinchConnectionStrategy: LocalFinchConnectionStrategy.handleConnectionStateChange(): OLD [Scanning]  NEW [Connected]  port [\\?\hid#vid_2354&pid_1111#6&a16e711&2&0000#{4d1e55b2-f16f-11cf-88cb-001111000030}]
2018-03-29 04:49:21,837 [AWT-EventQueue-0] DEBUG: edu.cmu.ri.createlab.terk.robot.finch.services.FinchServiceManager: FinchServiceManager.loadService() needs to load the [::TeRK::buzzer::BuzzerService] service
2018-03-29 04:49:21,837 [AWT-EventQueue-0] DEBUG: edu.cmu.ri.createlab.terk.robot.finch.services.FinchServiceFactory: FinchServiceFactory.createService(::TeRK::buzzer::BuzzerService)
2018-03-29 04:49:21,841 [AWT-EventQueue-0] DEBUG: edu.cmu.ri.createlab.terk.properties.BasicPropertyManager: ServantPropertyManager.setReadOnlyProperty(device.count,1)
2018-03-29 04:49:21,842 [AWT-EventQueue-0] DEBUG: edu.cmu.ri.createlab.terk.properties.BasicPropertyManager: ServantPropertyManager.setReadOnlyProperty(::TeRK::buzzer::BuzzerService::min-duration,0)
2018-03-29 04:49:21,842 [AWT-EventQueue-0] DEBUG: edu.cmu.ri.createlab.terk.properties.BasicPropertyManager: ServantPropertyManager.setReadOnlyProperty(::TeRK::buzzer::BuzzerService::max-duration,65535)
2018-03-29 04:49:21,842 [AWT-EventQueue-0] DEBUG: edu.cmu.ri.createlab.terk.properties.BasicPropertyManager: ServantPropertyManager.setReadOnlyProperty(::TeRK::buzzer::BuzzerService::min-frequency,0)
2018-03-29 04:49:21,842 [AWT-EventQueue-0] DEBUG: edu.cmu.ri.createlab.terk.properties.BasicPropertyManager: ServantPropertyManager.setReadOnlyProperty(::TeRK::buzzer::BuzzerService::max-frequency,65535)
2018-03-29 04:49:22,155 [AWT-EventQueue-0] DEBUG: edu.cmu.ri.createlab.terk.robot.finch.services.FinchServiceManager: FinchServiceManager.loadService() needs to load the [::TeRK::led::FullColorLEDService] service
2018-03-29 04:49:22,155 [AWT-EventQueue-0] DEBUG: edu.cmu.ri.createlab.terk.robot.finch.services.FinchServiceFactory: FinchServiceFactory.createService(::TeRK::led::FullColorLEDService)
2018-03-29 04:49:22,157 [AWT-EventQueue-0] DEBUG: edu.cmu.ri.createlab.terk.properties.BasicPropertyManager: ServantPropertyManager.setReadOnlyProperty(device.count,1)
2018-03-29 04:49:22,157 [AWT-EventQueue-0] DEBUG: edu.cmu.ri.createlab.terk.properties.BasicPropertyManager: ServantPropertyManager.setReadOnlyProperty(::TeRK::led::FullColorLEDService::min-intensity,0)
2018-03-29 04:49:22,157 [AWT-EventQueue-0] DEBUG: edu.cmu.ri.createlab.terk.properties.BasicPropertyManager: ServantPropertyManager.setReadOnlyProperty(::TeRK::led::FullColorLEDService::max-intensity,255)
2018-03-29 04:49:22,267 [AWT-EventQueue-0] DEBUG: edu.cmu.ri.createlab.terk.robot.finch.services.FinchServiceManager: FinchServiceManager.loadService() needs to load the [::TeRK::motor::OpenLoopVelocityControllableMotorService] service
2018-03-29 04:49:22,267 [AWT-EventQueue-0] DEBUG: edu.cmu.ri.createlab.terk.robot.finch.services.FinchServiceFactory: FinchServiceFactory.createService(::TeRK::motor::OpenLoopVelocityControllableMotorService)
2018-03-29 04:49:22,268 [AWT-EventQueue-0] DEBUG: edu.cmu.ri.createlab.terk.properties.BasicPropertyManager: ServantPropertyManager.setReadOnlyProperty(device.count,2)
2018-03-29 04:49:22,268 [AWT-EventQueue-0] DEBUG: edu.cmu.ri.createlab.terk.properties.BasicPropertyManager: ServantPropertyManager.setReadOnlyProperty(::TeRK::motor::OpenLoopVelocityControllableMotorService::min-velocity,-255)
2018-03-29 04:49:22,268 [AWT-EventQueue-0] DEBUG: edu.cmu.ri.createlab.terk.properties.BasicPropertyManager: ServantPropertyManager.setReadOnlyProperty(::TeRK::motor::OpenLoopVelocityControllableMotorService::max-velocity,255)
2018-03-29 04:56:07,620 [AWT-EventQueue-0] DEBUG: edu.cmu.ri.createlab.terk.application.TerkApplication: TerkApplication.TerkApplication()
2018-03-29 04:56:07,621 [AWT-EventQueue-0] INFO : edu.cmu.ri.createlab.terk.application.TerkApplication: TerkApplication.TerkApplication(): System property [terk-application.connection-strategy.class.name] is not defined.  Attempting to use default [edu.cmu.ri.createlab.terk.robot.finch.LocalFinchConnectionStrategy] implementation class instead.
2018-03-29 04:56:07,629 [AWT-EventQueue-0] DEBUG: edu.cmu.ri.createlab.terk.application.TerkApplication: TerkApplication.TerkApplication(): successfully instantiated ConnectionStrategy implementation class [edu.cmu.ri.createlab.terk.robot.finch.LocalFinchConnectionStrategy]
2018-03-29 04:56:07,634 [pool-1-thread-1] DEBUG: edu.cmu.ri.createlab.device.connectivity.BaseCreateLabDeviceConnectivityManager: BaseCreateLabDeviceConnectivityManager: scanAndConnectWorkhorseRunnable.run()
2018-03-29 04:56:07,634 [pool-1-thread-1] DEBUG: edu.cmu.ri.createlab.device.connectivity.BaseCreateLabDeviceConnectivityManager: BaseCreateLabDeviceConnectivityManager.disconnect()
2018-03-29 04:56:07,634 [pool-1-thread-1] DEBUG: edu.cmu.ri.createlab.terk.robot.finch.LocalFinchConnectionStrategy: LocalFinchConnectionStrategy.handleConnectionStateChange(): OLD [Disconnected]  NEW [Disconnected]  port []
2018-03-29 04:56:07,635 [BaseCreateLabDeviceConnectivityManager.executorService pool-1-thread-1] DEBUG: edu.cmu.ri.createlab.device.connectivity.BaseCreateLabDeviceConnectivityManager: CreateLabDeviceConnectivityManagerImpl$DeviceScanner.run()
2018-03-29 04:56:07,635 [BaseCreateLabDeviceConnectivityManager.executorService pool-1-thread-1] DEBUG: edu.cmu.ri.createlab.terk.robot.finch.LocalFinchConnectionStrategy: LocalFinchConnectionStrategy.handleConnectionStateChange(): OLD [Disconnected]  NEW [Scanning]  port []
2018-03-29 04:56:07,641 [BaseCreateLabDeviceConnectivityManager.executorService pool-1-thread-1] DEBUG: edu.cmu.ri.createlab.terk.robot.finch.DefaultFinchController: DefaultFinchController.create(): creating HID device for vendor ID [2354] and product ID [1111]
2018-03-29 04:56:07,649 [BaseCreateLabDeviceConnectivityManager.executorService pool-1-thread-1] DEBUG: edu.cmu.ri.createlab.terk.robot.finch.DefaultFinchController: DefaultFinchController.create(): attempting connection...
2018-03-29 04:56:07,793 [BaseCreateLabDeviceConnectivityManager.executorService pool-1-thread-1] ERROR: edu.cmu.ri.createlab.usb.hid.windows.WindowsHIDDevice: WindowsHIDDevice.readDeviceInfo(): CreateFile failed (WinError{id=5, name='Access Denied: access is denied'}), skipping this device
2018-03-29 04:56:07,793 [BaseCreateLabDeviceConnectivityManager.executorService pool-1-thread-1] ERROR: edu.cmu.ri.createlab.usb.hid.windows.WindowsHIDDevice: WindowsHIDDevice.disconnect(): Failed to disconnect because the file handle is null
2018-03-29 04:56:07,793 [BaseCreateLabDeviceConnectivityManager.executorService pool-1-thread-1] ERROR: edu.cmu.ri.createlab.usb.hid.windows.WindowsHIDDevice: WindowsHIDDevice.readDeviceInfo(): Failed to read device attributes
2018-03-29 04:56:07,794 [BaseCreateLabDeviceConnectivityManager.executorService pool-1-thread-1] DEBUG: edu.cmu.ri.createlab.usb.hid.windows.WindowsHIDDevice: WindowsHIDDevice.disconnect(): disconnected successfully
2018-03-29 04:56:07,855 [BaseCreateLabDeviceConnectivityManager.executorService pool-1-thread-1] DEBUG: edu.cmu.ri.createlab.usb.hid.windows.WindowsHIDDevice: WindowsHIDDevice.disconnect(): disconnected successfully
2018-03-29 04:56:07,856 [BaseCreateLabDeviceConnectivityManager.executorService pool-1-thread-1] DEBUG: edu.cmu.ri.createlab.usb.hid.windows.WindowsHIDDevice: WindowsHIDDevice.connect(): connection successful
2018-03-29 04:56:07,872 [BaseCreateLabDeviceConnectivityManager.executorService pool-1-thread-1] DEBUG: edu.cmu.ri.createlab.device.connectivity.BaseCreateLabDeviceConnectivityManager: CreateLabDeviceConnectivityManagerImpl$DeviceScanner.run(): connection established!
2018-03-29 04:56:07,873 [BaseCreateLabDeviceConnectivityManager.executorService pool-1-thread-1] DEBUG: edu.cmu.ri.createlab.terk.robot.finch.LocalFinchConnectionStrategy: LocalFinchConnectionStrategy.handleConnectionStateChange(): OLD [Scanning]  NEW [Connected]  port [\\?\hid#vid_2354&pid_1111#6&a16e711&2&0000#{4d1e55b2-f16f-11cf-88cb-001111000030}]
2018-03-29 04:56:07,878 [AWT-EventQueue-0] DEBUG: edu.cmu.ri.createlab.terk.robot.finch.services.FinchServiceManager: FinchServiceManager.loadService() needs to load the [::TeRK::buzzer::BuzzerService] service
2018-03-29 04:56:07,878 [AWT-EventQueue-0] DEBUG: edu.cmu.ri.createlab.terk.robot.finch.services.FinchServiceFactory: FinchServiceFactory.createService(::TeRK::buzzer::BuzzerService)
2018-03-29 04:56:07,882 [AWT-EventQueue-0] DEBUG: edu.cmu.ri.createlab.terk.properties.BasicPropertyManager: ServantPropertyManager.setReadOnlyProperty(device.count,1)
2018-03-29 04:56:07,883 [AWT-EventQueue-0] DEBUG: edu.cmu.ri.createlab.terk.properties.BasicPropertyManager: ServantPropertyManager.setReadOnlyProperty(::TeRK::buzzer::BuzzerService::min-duration,0)
2018-03-29 04:56:07,883 [AWT-EventQueue-0] DEBUG: edu.cmu.ri.createlab.terk.properties.BasicPropertyManager: ServantPropertyManager.setReadOnlyProperty(::TeRK::buzzer::BuzzerService::max-duration,65535)
2018-03-29 04:56:07,883 [AWT-EventQueue-0] DEBUG: edu.cmu.ri.createlab.terk.properties.BasicPropertyManager: ServantPropertyManager.setReadOnlyProperty(::TeRK::buzzer::BuzzerService::min-frequency,0)
2018-03-29 04:56:07,883 [AWT-EventQueue-0] DEBUG: edu.cmu.ri.createlab.terk.properties.BasicPropertyManager: ServantPropertyManager.setReadOnlyProperty(::TeRK::buzzer::BuzzerService::max-frequency,65535)
2018-03-29 04:56:08,196 [AWT-EventQueue-0] DEBUG: edu.cmu.ri.createlab.terk.robot.finch.services.FinchServiceManager: FinchServiceManager.loadService() needs to load the [::TeRK::led::FullColorLEDService] service
2018-03-29 04:56:08,196 [AWT-EventQueue-0] DEBUG: edu.cmu.ri.createlab.terk.robot.finch.services.FinchServiceFactory: FinchServiceFactory.createService(::TeRK::led::FullColorLEDService)
2018-03-29 04:56:08,198 [AWT-EventQueue-0] DEBUG: edu.cmu.ri.createlab.terk.properties.BasicPropertyManager: ServantPropertyManager.setReadOnlyProperty(device.count,1)
2018-03-29 04:56:08,198 [AWT-EventQueue-0] DEBUG: edu.cmu.ri.createlab.terk.properties.BasicPropertyManager: ServantPropertyManager.setReadOnlyProperty(::TeRK::led::FullColorLEDService::min-intensity,0)
2018-03-29 04:56:08,198 [AWT-EventQueue-0] DEBUG: edu.cmu.ri.createlab.terk.properties.BasicPropertyManager: ServantPropertyManager.setReadOnlyProperty(::TeRK::led::FullColorLEDService::max-intensity,255)
2018-03-29 04:56:08,308 [AWT-EventQueue-0] DEBUG: edu.cmu.ri.createlab.terk.robot.finch.services.FinchServiceManager: FinchServiceManager.loadService() needs to load the [::TeRK::motor::OpenLoopVelocityControllableMotorService] service
2018-03-29 04:56:08,308 [AWT-EventQueue-0] DEBUG: edu.cmu.ri.createlab.terk.robot.finch.services.FinchServiceFactory: FinchServiceFactory.createService(::TeRK::motor::OpenLoopVelocityControllableMotorService)
2018-03-29 04:56:08,309 [AWT-EventQueue-0] DEBUG: edu.cmu.ri.createlab.terk.properties.BasicPropertyManager: ServantPropertyManager.setReadOnlyProperty(device.count,2)
2018-03-29 04:56:08,309 [AWT-EventQueue-0] DEBUG: edu.cmu.ri.createlab.terk.properties.BasicPropertyManager: ServantPropertyManager.setReadOnlyProperty(::TeRK::motor::OpenLoopVelocityControllableMotorService::min-velocity,-255)
2018-03-29 04:56:08,309 [AWT-EventQueue-0] DEBUG: edu.cmu.ri.createlab.terk.properties.BasicPropertyManager: ServantPropertyManager.setReadOnlyProperty(::TeRK::motor::OpenLoopVelocityControllableMotorService::max-velocity,255)
